<?xml version="1.0" encoding="UTF-8"?>
<testng-results ignored="0" total="1" passed="1" failed="0" skipped="0">
  <reporter-output>
  </reporter-output>
  <suite started-at="2022-11-08T15:56:31 EST" name="Default suite" finished-at="2022-11-08T15:56:33 EST" duration-ms="2272">
    <groups>
    </groups>
    <test started-at="2022-11-08T15:56:31 EST" name="Default test" finished-at="2022-11-08T15:56:33 EST" duration-ms="2272">
      <class name="APIPractice.RestAssuredPractice.LibraryAPIPractice">
        <test-method signature="addBook()[pri:0, instance:APIPractice.RestAssuredPractice.LibraryAPIPractice@3d5c822d]" started-at="2022-11-08T15:56:31 EST" name="addBook" finished-at="2022-11-08T15:56:33 EST" duration-ms="2226" status="PASS">
          <reporter-output>
          </reporter-output>
        </test-method> <!-- addBook -->
      </class> <!-- APIPractice.RestAssuredPractice.LibraryAPIPractice -->
    </test> <!-- Default test -->
  </suite> <!-- Default suite -->
</testng-results>
